<?xml version="1.0" encoding="UTF-8"?>
<!-- Generated by org.testng.reporters.JUnitReportReporter -->
<testsuite hostname="DLI10-IT-DHRM" name="com.safexp.MDM.automation.testcases.Usermanagement.UsercreationTest" tests="1" failures="0" timestamp="27 Nov 2019 12:14:09 GMT" time="17.470" errors="0">
  <testcase name="hybridTestAutomation" time="17.470" classname="com.safexp.MDM.automation.testcases.Usermanagement.UsercreationTest"/>
</testsuite> <!-- com.safexp.MDM.automation.testcases.Usermanagement.UsercreationTest -->
