<?xml version="1.0" encoding="UTF-8"?>
<!-- Generated by org.testng.reporters.JUnitReportReporter -->
<testsuite hostname="DLI10-IT-KAMAL" name="com.safexp.MDM.automation.testcases.TestngDemo" tests="1" failures="0" timestamp="31 Oct 2019 08:58:55 GMT" time="16.624" errors="0">
  <testcase name="hybridTestAutomation" time="16.624" classname="com.safexp.MDM.automation.testcases.TestngDemo"/>
</testsuite> <!-- com.safexp.MDM.automation.testcases.TestngDemo -->
