<?xml version="1.0" encoding="UTF-8"?>
<!-- Generated by org.testng.reporters.JUnitReportReporter -->
<testsuite hostname="DLI10-IT-KAMAL" name="com.safexp.MDM.automation.testcases.TestngDemo" tests="1" failures="0" timestamp="25 Oct 2019 08:00:01 GMT" time="0.362" errors="0">
  <testcase name="method1" time="0.362" classname="com.safexp.MDM.automation.testcases.TestngDemo"/>
</testsuite> <!-- com.safexp.MDM.automation.testcases.TestngDemo -->
