<?xml version="1.0" encoding="UTF-8"?>
<!-- Generated by org.testng.reporters.JUnitReportReporter -->
<testsuite hostname="DLI10-IT-DHRM" name="com.safexp.MDM.automation.testcases.TestngDemo" tests="1" failures="0" timestamp="1 Nov 2019 10:45:51 GMT" time="31.270" errors="0">
  <testcase name="hybridTestAutomation" time="31.270" classname="com.safexp.MDM.automation.testcases.TestngDemo"/>
</testsuite> <!-- com.safexp.MDM.automation.testcases.TestngDemo -->
