<?xml version="1.0" encoding="UTF-8"?>
<!-- Generated by org.testng.reporters.JUnitReportReporter -->
<testsuite hostname="DLI10-IT-KAMAL" name="com.safexp.MDM.automation.testcases.TestngDemo" tests="1" failures="0" timestamp="24 Oct 2019 13:23:21 GMT" time="7.714" errors="0">
  <testcase name="method1" time="7.714" classname="com.safexp.MDM.automation.testcases.TestngDemo"/>
</testsuite> <!-- com.safexp.MDM.automation.testcases.TestngDemo -->
