<?xml version="1.0" encoding="UTF-8"?>
<!-- Generated by org.testng.reporters.JUnitReportReporter -->
<testsuite hostname="DLI10-IT-KAMAL" name="com.safexp.MDM.automation.testcases.TestngDemo" tests="1" failures="0" timestamp="30 Oct 2019 13:23:41 GMT" time="7.400" errors="0">
  <testcase name="hybridTestAutomation" time="7.400" classname="com.safexp.MDM.automation.testcases.TestngDemo"/>
</testsuite> <!-- com.safexp.MDM.automation.testcases.TestngDemo -->
