<?xml version="1.0" encoding="UTF-8"?>
<!-- Generated by org.testng.reporters.JUnitReportReporter -->
<testsuite hostname="DLI10-IT-DHRM" name="com.safexpress.MDM.API_Automation.testcases.UsermanagementAPITest" tests="3" failures="0" timestamp="27 Dec 2019 12:10:19 GMT" time="3.969" errors="0">
  <testcase name="TestCase" time="3.559" classname="com.safexpress.MDM.API_Automation.testcases.UsermanagementAPITest"/>
  <testcase name="TestCase" time="0.207" classname="com.safexpress.MDM.API_Automation.testcases.UsermanagementAPITest"/>
  <testcase name="TestCase" time="0.203" classname="com.safexpress.MDM.API_Automation.testcases.UsermanagementAPITest"/>
</testsuite> <!-- com.safexpress.MDM.API_Automation.testcases.UsermanagementAPITest -->
