<?xml version="1.0" encoding="UTF-8"?>
<!-- Generated by org.testng.reporters.JUnitReportReporter -->
<testsuite hostname="DLI10-IT-DHRM" name="com.safexpress.MDM.API_Automation.PutData" tests="1" failures="0" timestamp="17 Dec 2019 11:53:28 GMT" time="4.981" errors="0">
  <testcase name="testResponseCode" time="4.981" classname="com.safexpress.MDM.API_Automation.PutData"/>
</testsuite> <!-- com.safexpress.MDM.API_Automation.PutData -->
