<?xml version="1.0" encoding="UTF-8"?>
<!-- Generated by org.testng.reporters.JUnitReportReporter -->
<testsuite hostname="dharmendra-PC" name="mypackage.LPage" tests="1" failures="0" timestamp="12 Jan 2019 10:44:15 GMT" time="6.490" errors="1">
  <testcase name="testCase1" time="6.490" classname="mypackage.LPage">
    <error type="java.lang.NoClassDefFoundError" message="org/bson/types/ObjectId">
      <![CDATA[java.lang.NoClassDefFoundError: org/bson/types/ObjectId
	at java.lang.Class.getDeclaredMethods0(Native Method)
	at java.lang.Class.privateGetDeclaredMethods(Unknown Source)
	at java.lang.Class.privateGetPublicMethods(Unknown Source)
	at java.lang.Class.getMethods(Unknown Source)
	at freemarker.ext.beans.ClassIntrospector.discoverAccessibleMethods(ClassIntrospector.java:464)
	at freemarker.ext.beans.ClassIntrospector.discoverAccessibleMethods(ClassIntrospector.java:457)
	at freemarker.ext.beans.ClassIntrospector.createClassIntrospectionData(ClassIntrospector.java:268)
	at freemarker.ext.beans.ClassIntrospector.get(ClassIntrospector.java:244)
	at freemarker.ext.beans.BeanModel.<init>(BeanModel.java:114)
	at freemarker.ext.beans.BeanModel.<init>(BeanModel.java:104)
	at freemarker.ext.beans.StringModel.<init>(StringModel.java:52)
	at freemarker.ext.beans.StringModel$1.create(StringModel.java:37)
	at freemarker.ext.beans.BeansModelCache.create(BeansModelCache.java:71)
	at freemarker.ext.util.ModelCache.getInstance(ModelCache.java:84)
	at freemarker.ext.beans.BeansWrapper.wrap(BeansWrapper.java:860)
	at freemarker.template.DefaultObjectWrapper.handleUnknownType(DefaultObjectWrapper.java:235)
	at freemarker.template.DefaultObjectWrapper.wrap(DefaultObjectWrapper.java:214)
	at freemarker.template.WrappingTemplateModel.wrap(WrappingTemplateModel.java:105)
	at freemarker.template.DefaultListAdapter.get(DefaultListAdapter.java:75)
	at freemarker.core.DynamicKeyName.dealWithNumericalKey(DynamicKeyName.java:104)
	at freemarker.core.DynamicKeyName._eval(DynamicKeyName.java:69)
	at freemarker.core.Expression.eval(Expression.java:78)
	at freemarker.core.Assignment.accept(Assignment.java:131)
	at freemarker.core.Environment.visit(Environment.java:324)
	at freemarker.core.MixedContent.accept(MixedContent.java:54)
	at freemarker.core.Environment.visitByHiddingParent(Environment.java:345)
	at freemarker.core.ConditionalBlock.accept(ConditionalBlock.java:48)
	at freemarker.core.Environment.visit(Environment.java:324)
	at freemarker.core.MixedContent.accept(MixedContent.java:54)
	at freemarker.core.Environment.visit(Environment.java:324)
	at freemarker.core.Environment.process(Environment.java:302)
	at freemarker.template.Template.process(Template.java:325)
	at com.aventstack.extentreports.reporter.ExtentHtmlReporter.flush(ExtentHtmlReporter.java:145)
	at java.util.ArrayList.forEach(Unknown Source)
	at com.aventstack.extentreports.Report.notifyReporters(Report.java:210)
	at com.aventstack.extentreports.Report.flush(Report.java:132)
	at com.aventstack.extentreports.ExtentReports.flush(ExtentReports.java:261)
	at mypackage.LPage.testCase1(LPage.java:36)
	at sun.reflect.NativeMethodAccessorImpl.invoke0(Native Method)
	at sun.reflect.NativeMethodAccessorImpl.invoke(Unknown Source)
	at sun.reflect.DelegatingMethodAccessorImpl.invoke(Unknown Source)
	at java.lang.reflect.Method.invoke(Unknown Source)
	at org.testng.internal.MethodInvocationHelper.invokeMethod(MethodInvocationHelper.java:85)
	at org.testng.internal.Invoker.invokeMethod(Invoker.java:639)
	at org.testng.internal.Invoker.invokeTestMethod(Invoker.java:816)
	at org.testng.internal.Invoker.invokeTestMethods(Invoker.java:1124)
	at org.testng.internal.TestMethodWorker.invokeTestMethods(TestMethodWorker.java:125)
	at org.testng.internal.TestMethodWorker.run(TestMethodWorker.java:108)
	at org.testng.TestRunner.privateRun(TestRunner.java:774)
	at org.testng.TestRunner.run(TestRunner.java:624)
	at org.testng.SuiteRunner.runTest(SuiteRunner.java:359)
	at org.testng.SuiteRunner.runSequentially(SuiteRunner.java:354)
	at org.testng.SuiteRunner.privateRun(SuiteRunner.java:312)
	at org.testng.SuiteRunner.run(SuiteRunner.java:261)
	at org.testng.SuiteRunnerWorker.runSuite(SuiteRunnerWorker.java:52)
	at org.testng.SuiteRunnerWorker.run(SuiteRunnerWorker.java:86)
	at org.testng.TestNG.runSuitesSequentially(TestNG.java:1215)
	at org.testng.TestNG.runSuitesLocally(TestNG.java:1140)
	at org.testng.TestNG.run(TestNG.java:1048)
	at org.testng.remote.AbstractRemoteTestNG.run(AbstractRemoteTestNG.java:132)
	at org.testng.remote.RemoteTestNG.initAndRun(RemoteTestNG.java:236)
	at org.testng.remote.RemoteTestNG.main(RemoteTestNG.java:81)
Caused by: java.lang.ClassNotFoundException: org.bson.types.ObjectId
	at java.net.URLClassLoader.findClass(Unknown Source)
	at java.lang.ClassLoader.loadClass(Unknown Source)
	at sun.misc.Launcher$AppClassLoader.loadClass(Unknown Source)
	at java.lang.ClassLoader.loadClass(Unknown Source)
	... 62 more
]]>
    </error>
  </testcase> <!-- testCase1 -->
</testsuite> <!-- mypackage.LPage -->
