<?xml version="1.0" encoding="UTF-8"?>
<!-- Generated by org.testng.reporters.JUnitReportReporter -->
<testsuite hostname="DLI10-IT-DHRM" name="com.safex.MDM.automation.JenkinsParameterisedDemo" tests="1" failures="0" timestamp="31 Dec 2019 11:39:50 GMT" time="0.024" errors="0">
  <testcase name="fetchParameterfromJenkins" time="0.024" classname="com.safex.MDM.automation.JenkinsParameterisedDemo"/>
</testsuite> <!-- com.safex.MDM.automation.JenkinsParameterisedDemo -->
