<?xml version="1.0" encoding="UTF-8"?>
<!-- Generated by org.testng.reporters.JUnitReportReporter -->
<testsuite hostname="DLI10-IT-DHRM" name="com.safexpress.MDM.API_Automation.testcases.UsermanagementAPITest" tests="3" failures="0" timestamp="26 Dec 2019 05:37:59 GMT" time="11.340" errors="0">
  <testcase name="testGetRequest" time="0.413" classname="com.safexpress.MDM.API_Automation.testcases.UsermanagementAPITest"/>
  <testcase name="testGetRequest" time="10.040" classname="com.safexpress.MDM.API_Automation.testcases.UsermanagementAPITest"/>
  <testcase name="testGetRequest" time="0.887" classname="com.safexpress.MDM.API_Automation.testcases.UsermanagementAPITest"/>
</testsuite> <!-- com.safexpress.MDM.API_Automation.testcases.UsermanagementAPITest -->
